Arguments: 
  /usr/bin/node /usr/share/yarn/bin/yarn.js

PATH: 
  /usr/local/sbin:/usr/local/bin:/usr/sbin:/usr/bin:/sbin:/bin:/usr/games:/usr/local/games:/snap/bin:/home/oem/Android/Sdk/emulator:/home/oem/Android/Sdk/tools:/home/oem/Android/Sdk/tools/bin:/home/oem/Android/Sdk/platform-tools

Yarn version: 
  1.22.19

Node version: 
  14.20.0

Platform: 
  linux x64

Trace: 
  Error: ENOENT: no such file or directory, copyfile '/home/oem/.cache/yarn/v6/npm-jsesc-0.5.0-e7dee66e35d6fc16f710fe91d5cf69f70f08911d-integrity/node_modules/jsesc/bin/jsesc' -> '/home/oem/Desktop/Projects/Rocketseat/React-Native/ignite_imHere/node_modules/regjsparser/node_modules/jsesc/bin/jsesc'

npm manifest: 
  {
    "name": "ignite_imhere",
    "version": "1.0.0",
    "main": "node_modules/expo/AppEntry.js",
    "scripts": {
      "start": "expo start",
      "android": "expo start --android",
      "ios": "expo start --ios",
      "web": "expo start --web",
      "eject": "expo eject"
    },
    "dependencies": {
      "@types/styled-components-react-native": "^5.1.3",
      "expo": "~45.0.0",
      "expo-status-bar": "~1.3.0",
      "react": "17.0.2",
      "react-dom": "17.0.2",
      "react-native": "0.68.2",
      "react-native-web": "0.17.7",
      "styled-components": "^5.3.5"
    },
    "devDependencies": {
      "@babel/core": "^7.12.9",
      "@types/react": "~17.0.21",
      "@types/react-native": "~0.66.13",
      "@types/styled-components": "^5.1.25",
      "typescript": "~4.3.5"
    },
    "private": true
  }

yarn manifest: 
  No manifest

Lockfile: 
  No lockfile
